<?xml version="1.0" encoding="UTF-8"?>
<!-- Generated by org.testng.reporters.JUnitReportReporter -->
<testsuite skipped="0" hostname="Rekhas-MacBook-Air.local" name="com.restMaven.GetPlaceAPI" tests="1" failures="0" timestamp="02 May 2018 00:40:29 GMT" time="0.740" errors="0">
  <testcase name="getPlaceApi" time="0.740" classname="com.restMaven.GetPlaceAPI"/>
</testsuite> <!-- com.restMaven.GetPlaceAPI -->
