<?xml version="1.0" encoding="UTF-8"?>
<!-- Generated by org.testng.reporters.JUnitReportReporter -->
<testsuite skipped="0" hostname="Rekhas-MacBook-Air.local" name="com.restMaven.JiraFirst" tests="1" failures="0" timestamp="02 May 2018 00:40:29 GMT" time="0.184" errors="0">
  <testcase name="CreateIssue" time="0.184" classname="com.restMaven.JiraFirst"/>
</testsuite> <!-- com.restMaven.JiraFirst -->
