<?xml version="1.0" encoding="UTF-8"?>
<!-- Generated by org.testng.reporters.JUnitReportReporter -->
<testsuite skipped="0" hostname="Rekhas-MacBook-Air.local" name="com.restMaven.JiraUpdateComm" tests="1" failures="0" timestamp="02 May 2018 00:40:29 GMT" time="2.456" errors="0">
  <testcase name="JiraUpdate" time="2.456" classname="com.restMaven.JiraUpdateComm"/>
</testsuite> <!-- com.restMaven.JiraUpdateComm -->
