<?xml version="1.0" encoding="UTF-8"?>
<!-- Generated by org.testng.reporters.JUnitReportReporter -->
<testsuite skipped="0" hostname="Rekhas-MacBook-Air.local" name="com.restMaven.JiraAddComm" tests="1" failures="0" timestamp="02 May 2018 00:40:29 GMT" time="0.327" errors="0">
  <testcase name="JiraAddComment" time="0.327" classname="com.restMaven.JiraAddComm"/>
</testsuite> <!-- com.restMaven.JiraAddComm -->
