<?xml version="1.0" encoding="UTF-8"?>
<!-- Generated by org.testng.reporters.JUnitReportReporter -->
<testsuite skipped="0" hostname="Rekhas-MacBook-Air.local" name="com.restMaven.ExtractPlaceAPI" tests="1" failures="0" timestamp="02 May 2018 00:40:29 GMT" time="0.723" errors="0">
  <testcase name="ResultName" time="0.723" classname="com.restMaven.ExtractPlaceAPI"/>
</testsuite> <!-- com.restMaven.ExtractPlaceAPI -->
